<?xml version="1.0" encoding="UTF-8"?>
<testng-results skipped="0" failed="1" ignored="0" total="4" passed="3">
  <reporter-output>
  </reporter-output>
  <suite name="Default suite" duration-ms="22215" started-at="2019-08-29T09:51:23Z" finished-at="2019-08-29T09:51:45Z">
    <groups>
    </groups>
    <test name="Default test" duration-ms="22215" started-at="2019-08-29T09:51:23Z" finished-at="2019-08-29T09:51:45Z">
      <class name="com.test.Datamigration">
        <test-method status="PASS" signature="setUp()[pri:0, instance:com.test.Datamigration@4bec1f0c]" name="setUp" is-config="true" duration-ms="5" started-at="2019-08-29T09:51:23Z" finished-at="2019-08-29T09:51:23Z">
          <reporter-output>
          </reporter-output>
        </test-method> <!-- setUp -->
        <test-method status="FAIL" signature="Database_Reconciliation_test()[pri:0, instance:com.test.Datamigration@4bec1f0c]" name="Database_Reconciliation_test" duration-ms="5" started-at="2019-08-29T09:51:23Z" finished-at="2019-08-29T09:51:23Z">
          <exception class="java.lang.NullPointerException">
            <full-stacktrace>
              <![CDATA[java.lang.NullPointerException
at com.test.Datamigration.Database_Reconciliation_test(Datamigration.java:49)
at sun.reflect.NativeMethodAccessorImpl.invoke0(Native Method)
at sun.reflect.NativeMethodAccessorImpl.invoke(NativeMethodAccessorImpl.java:62)
at sun.reflect.DelegatingMethodAccessorImpl.invoke(DelegatingMethodAccessorImpl.java:43)
at java.lang.reflect.Method.invoke(Method.java:498)
at org.testng.internal.MethodInvocationHelper.invokeMethod(MethodInvocationHelper.java:124)
at org.testng.internal.Invoker.invokeMethod(Invoker.java:580)
at org.testng.internal.Invoker.invokeTestMethod(Invoker.java:716)
at org.testng.internal.Invoker.invokeTestMethods(Invoker.java:988)
at org.testng.internal.TestMethodWorker.invokeTestMethods(TestMethodWorker.java:125)
at org.testng.internal.TestMethodWorker.run(TestMethodWorker.java:109)
at org.testng.TestRunner.privateRun(TestRunner.java:648)
at org.testng.TestRunner.run(TestRunner.java:505)
at org.testng.SuiteRunner.runTest(SuiteRunner.java:455)
at org.testng.SuiteRunner.runSequentially(SuiteRunner.java:450)
at org.testng.SuiteRunner.privateRun(SuiteRunner.java:415)
at org.testng.SuiteRunner.run(SuiteRunner.java:364)
at org.testng.SuiteRunnerWorker.runSuite(SuiteRunnerWorker.java:52)
at org.testng.SuiteRunnerWorker.run(SuiteRunnerWorker.java:84)
at org.testng.TestNG.runSuitesSequentially(TestNG.java:1208)
at org.testng.TestNG.runSuitesLocally(TestNG.java:1137)
at org.testng.TestNG.runSuites(TestNG.java:1049)
at org.testng.TestNG.run(TestNG.java:1017)
at org.testng.remote.AbstractRemoteTestNG.run(AbstractRemoteTestNG.java:114)
at org.testng.remote.RemoteTestNG.initAndRun(RemoteTestNG.java:251)
at org.testng.remote.RemoteTestNG.main(RemoteTestNG.java:77)
]]>
            </full-stacktrace>
          </exception> <!-- java.lang.NullPointerException -->
          <reporter-output>
          </reporter-output>
        </test-method> <!-- Database_Reconciliation_test -->
        <test-method status="PASS" signature="finalcall()[pri:0, instance:com.test.Datamigration@4bec1f0c]" name="finalcall" is-config="true" duration-ms="2" started-at="2019-08-29T09:51:23Z" finished-at="2019-08-29T09:51:23Z">
          <reporter-output>
          </reporter-output>
        </test-method> <!-- finalcall -->
      </class> <!-- com.test.Datamigration -->
      <class name="extentReport.ExtentReportVersion3">
        <test-method status="PASS" signature="beforeSuite()[pri:0, instance:extentReport.ExtentReportVersion3@73846619]" name="beforeSuite" is-config="true" duration-ms="42" started-at="2019-08-29T09:51:23Z" finished-at="2019-08-29T09:51:23Z">
          <reporter-output>
          </reporter-output>
        </test-method> <!-- beforeSuite -->
        <test-method status="PASS" signature="beforeTest()[pri:0, instance:extentReport.ExtentReportVersion3@73846619]" name="beforeTest" is-config="true" duration-ms="1" started-at="2019-08-29T09:51:23Z" finished-at="2019-08-29T09:51:23Z">
          <reporter-output>
          </reporter-output>
        </test-method> <!-- beforeTest -->
        <test-method status="PASS" signature="beforeClass()[pri:0, instance:extentReport.ExtentReportVersion3@73846619]" name="beforeClass" is-config="true" duration-ms="0" started-at="2019-08-29T09:51:23Z" finished-at="2019-08-29T09:51:23Z">
          <reporter-output>
          </reporter-output>
        </test-method> <!-- beforeClass -->
        <test-method status="PASS" signature="beforeMethod()[pri:0, instance:extentReport.ExtentReportVersion3@73846619]" name="beforeMethod" is-config="true" duration-ms="1" started-at="2019-08-29T09:51:23Z" finished-at="2019-08-29T09:51:23Z">
          <reporter-output>
          </reporter-output>
        </test-method> <!-- beforeMethod -->
        <test-method status="PASS" signature="f(java.lang.Integer, java.lang.String)[pri:0, instance:extentReport.ExtentReportVersion3@73846619]" name="f" duration-ms="7" started-at="2019-08-29T09:51:23Z" data-provider="dp" finished-at="2019-08-29T09:51:23Z">
          <params>
            <param index="0">
              <value>
                <![CDATA[1]]>
              </value>
            </param>
            <param index="1">
              <value>
                <![CDATA[a]]>
              </value>
            </param>
          </params>
          <reporter-output>
          </reporter-output>
        </test-method> <!-- f -->
        <test-method status="PASS" signature="afterMethod()[pri:0, instance:extentReport.ExtentReportVersion3@73846619]" name="afterMethod" is-config="true" duration-ms="3" started-at="2019-08-29T09:51:23Z" finished-at="2019-08-29T09:51:23Z">
          <reporter-output>
          </reporter-output>
        </test-method> <!-- afterMethod -->
        <test-method status="PASS" signature="beforeMethod()[pri:0, instance:extentReport.ExtentReportVersion3@73846619]" name="beforeMethod" is-config="true" duration-ms="0" started-at="2019-08-29T09:51:23Z" finished-at="2019-08-29T09:51:23Z">
          <reporter-output>
          </reporter-output>
        </test-method> <!-- beforeMethod -->
        <test-method status="PASS" signature="f(java.lang.Integer, java.lang.String)[pri:0, instance:extentReport.ExtentReportVersion3@73846619]" name="f" duration-ms="4" started-at="2019-08-29T09:51:23Z" data-provider="dp" finished-at="2019-08-29T09:51:23Z">
          <params>
            <param index="0">
              <value>
                <![CDATA[2]]>
              </value>
            </param>
            <param index="1">
              <value>
                <![CDATA[b]]>
              </value>
            </param>
          </params>
          <reporter-output>
          </reporter-output>
        </test-method> <!-- f -->
        <test-method status="PASS" signature="afterMethod()[pri:0, instance:extentReport.ExtentReportVersion3@73846619]" name="afterMethod" is-config="true" duration-ms="0" started-at="2019-08-29T09:51:23Z" finished-at="2019-08-29T09:51:23Z">
          <reporter-output>
          </reporter-output>
        </test-method> <!-- afterMethod -->
        <test-method status="PASS" signature="afterClass()[pri:0, instance:extentReport.ExtentReportVersion3@73846619]" name="afterClass" is-config="true" duration-ms="0" started-at="2019-08-29T09:51:23Z" finished-at="2019-08-29T09:51:23Z">
          <reporter-output>
          </reporter-output>
        </test-method> <!-- afterClass -->
        <test-method status="PASS" signature="afterTest()[pri:0, instance:extentReport.ExtentReportVersion3@73846619]" name="afterTest" is-config="true" duration-ms="1" started-at="2019-08-29T09:51:45Z" finished-at="2019-08-29T09:51:45Z">
          <reporter-output>
          </reporter-output>
        </test-method> <!-- afterTest -->
        <test-method status="PASS" signature="afterSuite()[pri:0, instance:extentReport.ExtentReportVersion3@73846619]" name="afterSuite" is-config="true" duration-ms="0" started-at="2019-08-29T09:51:45Z" finished-at="2019-08-29T09:51:45Z">
          <reporter-output>
          </reporter-output>
        </test-method> <!-- afterSuite -->
      </class> <!-- extentReport.ExtentReportVersion3 -->
      <class name="com.test.LoginTest">
        <test-method status="PASS" signature="setUp()[pri:0, instance:com.test.LoginTest@29ca901e]" name="setUp" is-config="true" duration-ms="8366" started-at="2019-08-29T09:51:23Z" finished-at="2019-08-29T09:51:32Z">
          <reporter-output>
          </reporter-output>
        </test-method> <!-- setUp -->
        <test-method status="PASS" signature="Logintest()[pri:0, instance:com.test.LoginTest@29ca901e]" name="Logintest" duration-ms="12930" started-at="2019-08-29T09:51:32Z" finished-at="2019-08-29T09:51:44Z">
          <reporter-output>
          </reporter-output>
        </test-method> <!-- Logintest -->
        <test-method status="PASS" signature="tearDown()[pri:0, instance:com.test.LoginTest@29ca901e]" name="tearDown" is-config="true" duration-ms="824" started-at="2019-08-29T09:51:44Z" finished-at="2019-08-29T09:51:45Z">
          <reporter-output>
          </reporter-output>
        </test-method> <!-- tearDown -->
      </class> <!-- com.test.LoginTest -->
    </test> <!-- Default test -->
  </suite> <!-- Default suite -->
</testng-results>
